<?xml version="1.0" encoding="UTF-8"?>
<!-- Generated by org.testng.reporters.JUnitReportReporter -->
<testsuite hostname="CNAGPURE5470" name="FirstMavenProject.GoogleTest" tests="1" failures="0" timestamp="17 Feb 2019 05:49:24 GMT" time="21.498" errors="0">
  <testcase name="verifyHomepageTitle" time="21.498" classname="FirstMavenProject.GoogleTest"/>
</testsuite> <!-- FirstMavenProject.GoogleTest -->
