<?xml version="1.0" encoding="UTF-8"?>
<!-- Generated by org.testng.reporters.JUnitReportReporter -->
<testsuite hostname="CNAGPURE5470" name="FirstMavenProject.GoogleTest" tests="1" failures="0" timestamp="17 Feb 2019 05:55:17 GMT" time="15.378" errors="0">
  <testcase name="verifyHomepageTitle" time="15.378" classname="FirstMavenProject.GoogleTest"/>
</testsuite> <!-- FirstMavenProject.GoogleTest -->
